#! /c/Source/iverilog-install/bin/vvp
:ivl_version "12.0 (devel)" "(s20150603-1539-g2693dd32b)";
:ivl_delay_selection "TYPICAL";
:vpi_time_precision + 0;
:vpi_module "C:\iverilog\lib\ivl\system.vpi";
:vpi_module "C:\iverilog\lib\ivl\vhdl_sys.vpi";
:vpi_module "C:\iverilog\lib\ivl\vhdl_textio.vpi";
:vpi_module "C:\iverilog\lib\ivl\v2005_math.vpi";
:vpi_module "C:\iverilog\lib\ivl\va_math.vpi";
S_000001c359a0be10 .scope module, "RegisterBank" "RegisterBank" 2 1;
 .timescale 0 0;
    .port_info 0 /INPUT 1 "clock";
    .port_info 1 /INPUT 1 "regWrite";
    .port_info 2 /INPUT 3 "reg1";
    .port_info 3 /INPUT 3 "reg2";
    .port_info 4 /INPUT 3 "reg3";
    .port_info 5 /INPUT 16 "dataToWrite";
    .port_info 6 /OUTPUT 3 "data1";
    .port_info 7 /OUTPUT 3 "data2";
o000001c359946fb8 .functor BUFZ 1, C4<z>; HiZ drive
v000001c359a06b40_0 .net "clock", 0 0, o000001c359946fb8;  0 drivers
v000001c359989820_0 .var "data1", 2 0;
v000001c3599898c0_0 .var "data2", 2 0;
o000001c359947048 .functor BUFZ 16, C4<zzzzzzzzzzzzzzzz>; HiZ drive
v000001c359989960_0 .net "dataToWrite", 15 0, o000001c359947048;  0 drivers
o000001c359947078 .functor BUFZ 3, C4<zzz>; HiZ drive
v000001c359989a00_0 .net "reg1", 2 0, o000001c359947078;  0 drivers
o000001c3599470a8 .functor BUFZ 3, C4<zzz>; HiZ drive
v000001c359989aa0_0 .net "reg2", 2 0, o000001c3599470a8;  0 drivers
o000001c3599470d8 .functor BUFZ 3, C4<zzz>; HiZ drive
v000001c359989b40_0 .net "reg3", 2 0, o000001c3599470d8;  0 drivers
o000001c359947108 .functor BUFZ 1, C4<z>; HiZ drive
v000001c359989be0_0 .net "regWrite", 0 0, o000001c359947108;  0 drivers
v000001c359989c80 .array "registers", 0 15, 5 0;
E_000001c359a0ab30 .event negedge, v000001c359a06b40_0;
E_000001c359a0b530 .event posedge, v000001c359a06b40_0;
    .scope S_000001c359a0be10;
T_0 ;
    %pushi/vec4 0, 0, 6;
    %ix/load 4, 0, 0;
    %flag_set/imm 4, 0;
    %store/vec4a v000001c359989c80, 4, 0;
    %pushi/vec4 1, 0, 6;
    %ix/load 4, 1, 0;
    %flag_set/imm 4, 0;
    %store/vec4a v000001c359989c80, 4, 0;
    %pushi/vec4 2, 0, 6;
    %ix/load 4, 2, 0;
    %flag_set/imm 4, 0;
    %store/vec4a v000001c359989c80, 4, 0;
    %pushi/vec4 4, 0, 6;
    %ix/load 4, 3, 0;
    %flag_set/imm 4, 0;
    %store/vec4a v000001c359989c80, 4, 0;
    %pushi/vec4 3, 0, 6;
    %ix/load 4, 4, 0;
    %flag_set/imm 4, 0;
    %store/vec4a v000001c359989c80, 4, 0;
    %pushi/vec4 5, 0, 6;
    %ix/load 4, 5, 0;
    %flag_set/imm 4, 0;
    %store/vec4a v000001c359989c80, 4, 0;
    %pushi/vec4 6, 0, 6;
    %ix/load 4, 6, 0;
    %flag_set/imm 4, 0;
    %store/vec4a v000001c359989c80, 4, 0;
    %pushi/vec4 7, 0, 6;
    %ix/load 4, 7, 0;
    %flag_set/imm 4, 0;
    %store/vec4a v000001c359989c80, 4, 0;
    %end;
    .thread T_0;
    .scope S_000001c359a0be10;
T_1 ;
    %wait E_000001c359a0b530;
    %load/vec4 v000001c359989a00_0;
    %pad/u 6;
    %ix/vec4 4;
    %load/vec4a v000001c359989c80, 4;
    %pad/u 3;
    %store/vec4 v000001c359989820_0, 0, 3;
    %load/vec4 v000001c359989aa0_0;
    %pad/u 6;
    %ix/vec4 4;
    %load/vec4a v000001c359989c80, 4;
    %pad/u 3;
    %store/vec4 v000001c3599898c0_0, 0, 3;
    %jmp T_1;
    .thread T_1;
    .scope S_000001c359a0be10;
T_2 ;
    %wait E_000001c359a0ab30;
    %load/vec4 v000001c359989be0_0;
    %pad/u 32;
    %cmpi/e 1, 0, 32;
    %jmp/0xz  T_2.0, 4;
    %load/vec4 v000001c359989960_0;
    %pad/u 6;
    %load/vec4 v000001c359989b40_0;
    %pad/u 6;
    %ix/vec4 4;
    %store/vec4a v000001c359989c80, 4, 0;
T_2.0 ;
    %jmp T_2;
    .thread T_2;
# The file index is used to find the file name in the following table.
:file_names 3;
    "N/A";
    "<interactive>";
    "RegisterBank.v";
