#! /c/Source/iverilog-install/bin/vvp
:ivl_version "12.0 (devel)" "(s20150603-1539-g2693dd32b)";
:ivl_delay_selection "TYPICAL";
:vpi_time_precision + 0;
:vpi_module "C:\iverilog\lib\ivl\system.vpi";
:vpi_module "C:\iverilog\lib\ivl\vhdl_sys.vpi";
:vpi_module "C:\iverilog\lib\ivl\vhdl_textio.vpi";
:vpi_module "C:\iverilog\lib\ivl\v2005_math.vpi";
:vpi_module "C:\iverilog\lib\ivl\va_math.vpi";
S_00000175e8db6710 .scope module, "ControlUnity" "ControlUnity" 2 1;
 .timescale 0 0;
    .port_info 0 /INPUT 1 "clock";
    .port_info 1 /INPUT 3 "opcode";
    .port_info 2 /OUTPUT 1 "RegDst";
    .port_info 3 /OUTPUT 1 "Branch";
    .port_info 4 /OUTPUT 1 "MemRead";
    .port_info 5 /OUTPUT 1 "MemtoReg";
    .port_info 6 /OUTPUT 2 "ALUOp";
    .port_info 7 /OUTPUT 1 "MemWrite";
    .port_info 8 /OUTPUT 1 "ALUSrc";
    .port_info 9 /OUTPUT 1 "RegWrite";
v00000175e8db6950_0 .var "ALUOp", 1 0;
v00000175e8db69f0_0 .var "ALUSrc", 0 0;
v00000175e8db6a90_0 .var "Branch", 0 0;
v00000175e8dbbd70_0 .var "Jump", 0 0;
v00000175e8dbbe10_0 .var "MemRead", 0 0;
v00000175e8dbbeb0_0 .var "MemWrite", 0 0;
v00000175e8c826a0_0 .var "MemtoReg", 0 0;
v00000175e8c82740_0 .var "RegDst", 0 0;
v00000175e8c827e0_0 .var "RegWrite", 0 0;
o00000175e8c8e0f8 .functor BUFZ 1, C4<z>; HiZ drive
v00000175e8c82880_0 .net "clock", 0 0, o00000175e8c8e0f8;  0 drivers
o00000175e8c8e128 .functor BUFZ 3, C4<zzz>; HiZ drive
v00000175e8c82920_0 .net "opcode", 2 0, o00000175e8c8e128;  0 drivers
E_00000175e8db98e0/0 .event negedge, v00000175e8c82880_0;
E_00000175e8db98e0/1 .event posedge, v00000175e8c82880_0;
E_00000175e8db98e0 .event/or E_00000175e8db98e0/0, E_00000175e8db98e0/1;
    .scope S_00000175e8db6710;
T_0 ;
    %wait E_00000175e8db98e0;
    %load/vec4 v00000175e8c82920_0;
    %dup/vec4;
    %pushi/vec4 0, 0, 3;
    %cmp/u;
    %jmp/1 T_0.0, 6;
    %dup/vec4;
    %pushi/vec4 1, 0, 3;
    %cmp/u;
    %jmp/1 T_0.1, 6;
    %dup/vec4;
    %pushi/vec4 2, 0, 3;
    %cmp/u;
    %jmp/1 T_0.2, 6;
    %dup/vec4;
    %pushi/vec4 3, 0, 3;
    %cmp/u;
    %jmp/1 T_0.3, 6;
    %dup/vec4;
    %pushi/vec4 1, 0, 3;
    %cmp/u;
    %jmp/1 T_0.4, 6;
    %vpi_call 2 79 "$display", "opcode incorrect." {0 0 0};
    %jmp T_0.6;
T_0.0 ;
    %pushi/vec4 0, 0, 1;
    %store/vec4 v00000175e8c82740_0, 0, 1;
    %pushi/vec4 0, 0, 1;
    %store/vec4 v00000175e8db69f0_0, 0, 1;
    %pushi/vec4 0, 0, 1;
    %store/vec4 v00000175e8c826a0_0, 0, 1;
    %pushi/vec4 0, 0, 1;
    %store/vec4 v00000175e8c827e0_0, 0, 1;
    %pushi/vec4 0, 0, 1;
    %store/vec4 v00000175e8dbbe10_0, 0, 1;
    %pushi/vec4 0, 0, 1;
    %store/vec4 v00000175e8dbbeb0_0, 0, 1;
    %pushi/vec4 0, 0, 1;
    %store/vec4 v00000175e8db6a90_0, 0, 1;
    %pushi/vec4 3, 0, 2;
    %store/vec4 v00000175e8db6950_0, 0, 2;
    %pushi/vec4 1, 0, 1;
    %store/vec4 v00000175e8dbbd70_0, 0, 1;
    %jmp T_0.6;
T_0.1 ;
    %pushi/vec4 1, 0, 1;
    %store/vec4 v00000175e8c82740_0, 0, 1;
    %pushi/vec4 0, 0, 1;
    %store/vec4 v00000175e8db69f0_0, 0, 1;
    %pushi/vec4 0, 0, 1;
    %store/vec4 v00000175e8c826a0_0, 0, 1;
    %pushi/vec4 1, 0, 1;
    %store/vec4 v00000175e8c827e0_0, 0, 1;
    %pushi/vec4 0, 0, 1;
    %store/vec4 v00000175e8dbbe10_0, 0, 1;
    %pushi/vec4 0, 0, 1;
    %store/vec4 v00000175e8dbbeb0_0, 0, 1;
    %pushi/vec4 0, 0, 1;
    %store/vec4 v00000175e8db6a90_0, 0, 1;
    %pushi/vec4 2, 0, 2;
    %store/vec4 v00000175e8db6950_0, 0, 2;
    %pushi/vec4 0, 0, 1;
    %store/vec4 v00000175e8dbbd70_0, 0, 1;
    %jmp T_0.6;
T_0.2 ;
    %pushi/vec4 0, 0, 1;
    %store/vec4 v00000175e8c82740_0, 0, 1;
    %pushi/vec4 1, 0, 1;
    %store/vec4 v00000175e8db69f0_0, 0, 1;
    %pushi/vec4 1, 0, 1;
    %store/vec4 v00000175e8c826a0_0, 0, 1;
    %pushi/vec4 1, 0, 1;
    %store/vec4 v00000175e8c827e0_0, 0, 1;
    %pushi/vec4 1, 0, 1;
    %store/vec4 v00000175e8dbbe10_0, 0, 1;
    %pushi/vec4 0, 0, 1;
    %store/vec4 v00000175e8dbbeb0_0, 0, 1;
    %pushi/vec4 0, 0, 1;
    %store/vec4 v00000175e8db6a90_0, 0, 1;
    %pushi/vec4 0, 0, 2;
    %store/vec4 v00000175e8db6950_0, 0, 2;
    %pushi/vec4 0, 0, 1;
    %store/vec4 v00000175e8dbbd70_0, 0, 1;
    %jmp T_0.6;
T_0.3 ;
    %pushi/vec4 0, 0, 1;
    %store/vec4 v00000175e8c82740_0, 0, 1;
    %pushi/vec4 1, 0, 1;
    %store/vec4 v00000175e8db69f0_0, 0, 1;
    %pushi/vec4 0, 0, 1;
    %store/vec4 v00000175e8c826a0_0, 0, 1;
    %pushi/vec4 0, 0, 1;
    %store/vec4 v00000175e8c827e0_0, 0, 1;
    %pushi/vec4 0, 0, 1;
    %store/vec4 v00000175e8dbbe10_0, 0, 1;
    %pushi/vec4 1, 0, 1;
    %store/vec4 v00000175e8dbbeb0_0, 0, 1;
    %pushi/vec4 0, 0, 1;
    %store/vec4 v00000175e8db6a90_0, 0, 1;
    %pushi/vec4 0, 0, 2;
    %store/vec4 v00000175e8db6950_0, 0, 2;
    %pushi/vec4 0, 0, 1;
    %store/vec4 v00000175e8dbbd70_0, 0, 1;
    %jmp T_0.6;
T_0.4 ;
    %pushi/vec4 0, 0, 1;
    %store/vec4 v00000175e8c82740_0, 0, 1;
    %pushi/vec4 0, 0, 1;
    %store/vec4 v00000175e8db69f0_0, 0, 1;
    %pushi/vec4 0, 0, 1;
    %store/vec4 v00000175e8c826a0_0, 0, 1;
    %pushi/vec4 0, 0, 1;
    %store/vec4 v00000175e8c827e0_0, 0, 1;
    %pushi/vec4 0, 0, 1;
    %store/vec4 v00000175e8dbbe10_0, 0, 1;
    %pushi/vec4 0, 0, 1;
    %store/vec4 v00000175e8dbbeb0_0, 0, 1;
    %pushi/vec4 1, 0, 1;
    %store/vec4 v00000175e8db6a90_0, 0, 1;
    %pushi/vec4 1, 0, 2;
    %store/vec4 v00000175e8db6950_0, 0, 2;
    %pushi/vec4 0, 0, 1;
    %store/vec4 v00000175e8dbbd70_0, 0, 1;
    %jmp T_0.6;
T_0.6 ;
    %pop/vec4 1;
    %jmp T_0;
    .thread T_0;
# The file index is used to find the file name in the following table.
:file_names 3;
    "N/A";
    "<interactive>";
    "ControlUnity.v";
