#! /c/Source/iverilog-install/bin/vvp
:ivl_version "12.0 (devel)" "(s20150603-1539-g2693dd32b)";
:ivl_delay_selection "TYPICAL";
:vpi_time_precision + 0;
:vpi_module "C:\iverilog\lib\ivl\system.vpi";
:vpi_module "C:\iverilog\lib\ivl\vhdl_sys.vpi";
:vpi_module "C:\iverilog\lib\ivl\vhdl_textio.vpi";
:vpi_module "C:\iverilog\lib\ivl\v2005_math.vpi";
:vpi_module "C:\iverilog\lib\ivl\va_math.vpi";
S_0000027488c46af0 .scope module, "InstructionMemory" "InstructionMemory" 2 1;
 .timescale 0 0;
    .port_info 0 /INPUT 16 "address";
    .port_info 1 /OUTPUT 16 "instructionOutput";
    .port_info 2 /INPUT 1 "clock";
o0000027488b86ad8 .functor BUFZ 16, C4<zzzzzzzzzzzzzzzz>; HiZ drive
v0000027488c46c80_0 .net "address", 15 0, o0000027488b86ad8;  0 drivers
o0000027488b86b08 .functor BUFZ 1, C4<z>; HiZ drive
v0000027488c46d20_0 .net "clock", 0 0, o0000027488b86b08;  0 drivers
v0000027488c46dc0_0 .var "instructionOutput", 15 0;
    .scope S_0000027488c46af0;
T_0 ;
    %pushi/vec4 7618, 0, 16;
    %store/vec4 v0000027488c46dc0_0, 0, 16;
    %end;
    .thread T_0;
# The file index is used to find the file name in the following table.
:file_names 3;
    "N/A";
    "<interactive>";
    "instructionMemory.v";
