#! /c/Source/iverilog-install/bin/vvp
:ivl_version "12.0 (devel)" "(s20150603-1539-g2693dd32b)";
:ivl_delay_selection "TYPICAL";
:vpi_time_precision + 0;
:vpi_module "C:\iverilog\lib\ivl\system.vpi";
:vpi_module "C:\iverilog\lib\ivl\vhdl_sys.vpi";
:vpi_module "C:\iverilog\lib\ivl\vhdl_textio.vpi";
:vpi_module "C:\iverilog\lib\ivl\v2005_math.vpi";
:vpi_module "C:\iverilog\lib\ivl\va_math.vpi";
S_0000016e40b46b40 .scope module, "ALUControl" "ALUControl" 2 1;
 .timescale 0 0;
    .port_info 0 /INPUT 1 "clock";
    .port_info 1 /INPUT 3 "funct";
    .port_info 2 /INPUT 2 "ALUOp";
    .port_info 3 /OUTPUT 3 "outputALUControl";
o0000016e409f6f88 .functor BUFZ 2, C4<zz>; HiZ drive
v0000016e40b46cd0_0 .net "ALUOp", 1 0, o0000016e409f6f88;  0 drivers
o0000016e409f6fb8 .functor BUFZ 1, C4<z>; HiZ drive
v0000016e40b46d70_0 .net "clock", 0 0, o0000016e409f6fb8;  0 drivers
o0000016e409f6fe8 .functor BUFZ 3, C4<zzz>; HiZ drive
v0000016e40b46e10_0 .net "funct", 2 0, o0000016e409f6fe8;  0 drivers
v0000016e40b46eb0_0 .var "outputALUControl", 2 0;
E_0000016e40b487e0 .event anyedge, v0000016e40b46cd0_0, v0000016e40b46e10_0;
    .scope S_0000016e40b46b40;
T_0 ;
    %wait E_0000016e40b487e0;
    %load/vec4 v0000016e40b46cd0_0;
    %dup/vec4;
    %pushi/vec4 0, 0, 2;
    %cmp/u;
    %jmp/1 T_0.0, 6;
    %dup/vec4;
    %pushi/vec4 1, 0, 2;
    %cmp/u;
    %jmp/1 T_0.1, 6;
    %dup/vec4;
    %pushi/vec4 2, 0, 2;
    %cmp/u;
    %jmp/1 T_0.2, 6;
    %dup/vec4;
    %pushi/vec4 3, 0, 2;
    %cmp/u;
    %jmp/1 T_0.3, 6;
    %vpi_call 2 19 "$display", "ALUOp value not supported!" {0 0 0};
    %jmp T_0.5;
T_0.0 ;
    %pushi/vec4 2, 0, 3;
    %store/vec4 v0000016e40b46eb0_0, 0, 3;
    %jmp T_0.5;
T_0.1 ;
    %pushi/vec4 6, 0, 3;
    %store/vec4 v0000016e40b46eb0_0, 0, 3;
    %jmp T_0.5;
T_0.2 ;
    %load/vec4 v0000016e40b46e10_0;
    %store/vec4 v0000016e40b46eb0_0, 0, 3;
    %jmp T_0.5;
T_0.3 ;
    %pushi/vec4 2, 0, 3;
    %store/vec4 v0000016e40b46eb0_0, 0, 3;
    %jmp T_0.5;
T_0.5 ;
    %pop/vec4 1;
    %jmp T_0;
    .thread T_0, $push;
# The file index is used to find the file name in the following table.
:file_names 3;
    "N/A";
    "<interactive>";
    "ALUControl.v";
