#! /c/Source/iverilog-install/bin/vvp
:ivl_version "12.0 (devel)" "(s20150603-1539-g2693dd32b)";
:ivl_delay_selection "TYPICAL";
:vpi_time_precision + 0;
:vpi_module "C:\iverilog\lib\ivl\system.vpi";
:vpi_module "C:\iverilog\lib\ivl\vhdl_sys.vpi";
:vpi_module "C:\iverilog\lib\ivl\vhdl_textio.vpi";
:vpi_module "C:\iverilog\lib\ivl\v2005_math.vpi";
:vpi_module "C:\iverilog\lib\ivl\va_math.vpi";
S_000001854b3841c0 .scope module, "EX" "EX" 2 8;
 .timescale 0 0;
    .port_info 0 /INPUT 1 "clock";
    .port_info 1 /INPUT 1 "Branch";
    .port_info 2 /OUTPUT 1 "Zero";
    .port_info 3 /INPUT 16 "nextAddress";
    .port_info 4 /INPUT 16 "PC4";
    .port_info 5 /INPUT 3 "funct";
    .port_info 6 /INPUT 2 "ALUOp";
    .port_info 7 /INPUT 16 "dataID1";
    .port_info 8 /INPUT 16 "dataID2";
    .port_info 9 /INPUT 16 "jumpResult";
    .port_info 10 /OUTPUT 16 "outputBranch";
    .port_info 11 /OUTPUT 16 "outputALU";
o000001854b399398 .functor BUFZ 2, C4<zz>; HiZ drive
v000001854b3e9130_0 .net "ALUOp", 1 0, o000001854b399398;  0 drivers
o000001854b399848 .functor BUFZ 1, C4<z>; HiZ drive
v000001854b3e8e10_0 .net "ALUSrc", 0 0, o000001854b399848;  0 drivers
o000001854b399a58 .functor BUFZ 1, C4<z>; HiZ drive
v000001854b3e9450_0 .net "Branch", 0 0, o000001854b399a58;  0 drivers
o000001854b399518 .functor BUFZ 16, C4<zzzzzzzzzzzzzzzz>; HiZ drive
v000001854b3e9950_0 .net "PC4", 15 0, o000001854b399518;  0 drivers
v000001854b3e99f0_0 .net "Zero", 0 0, v000001854b386680_0;  1 drivers
o000001854b3993c8 .functor BUFZ 1, C4<z>; HiZ drive
v000001854b3e8ff0_0 .net "clock", 0 0, o000001854b3993c8;  0 drivers
o000001854b399698 .functor BUFZ 16, C4<zzzzzzzzzzzzzzzz>; HiZ drive
v000001854b3e96d0_0 .net "dataID1", 15 0, o000001854b399698;  0 drivers
o000001854b399878 .functor BUFZ 16, C4<zzzzzzzzzzzzzzzz>; HiZ drive
v000001854b3e93b0_0 .net "dataID2", 15 0, o000001854b399878;  0 drivers
o000001854b3993f8 .functor BUFZ 3, C4<zzz>; HiZ drive
v000001854b3e9090_0 .net "funct", 2 0, o000001854b3993f8;  0 drivers
v000001854b3e91d0_0 .net "jumpResult", 15 0, v000001854b3863b0_0;  1 drivers
o000001854b3998a8 .functor BUFZ 16, C4<zzzzzzzzzzzzzzzz>; HiZ drive
v000001854b3e9270_0 .net "nextAddress", 15 0, o000001854b3998a8;  0 drivers
v000001854b3e9a90_0 .net "outputALU", 15 0, v000001854b3e8eb0_0;  1 drivers
v000001854b3e9bd0_0 .net "outputALUControl", 2 0, v000001854b390d80_0;  1 drivers
v000001854b3e94f0_0 .net "outputALUSrc", 15 0, v000001854b3e8d70_0;  1 drivers
o000001854b399a88 .functor BUFZ 16, C4<zzzzzzzzzzzzzzzz>; HiZ drive
v000001854b3e9590_0 .net "outputBranch", 15 0, o000001854b399a88;  0 drivers
v000001854b3eb540_0 .net "shiftedAddress", 15 0, v000001854b3e9770_0;  1 drivers
S_000001854b384350 .scope module, "ALUCtrl" "ALUControl" 2 51, 3 1 0, S_000001854b3841c0;
 .timescale 0 0;
    .port_info 0 /INPUT 1 "clock";
    .port_info 1 /INPUT 3 "funct";
    .port_info 2 /INPUT 2 "ALUOp";
    .port_info 3 /OUTPUT 3 "outputALUControl";
v000001854b3844e0_0 .net "ALUOp", 1 0, o000001854b399398;  alias, 0 drivers
v000001854b382a60_0 .net "clock", 0 0, o000001854b3993c8;  alias, 0 drivers
v000001854b382b00_0 .net "funct", 2 0, o000001854b3993f8;  alias, 0 drivers
v000001854b390d80_0 .var "outputALUControl", 2 0;
E_000001854b383470 .event anyedge, v000001854b3844e0_0, v000001854b382b00_0;
S_000001854b390e20 .scope module, "adder" "Adder" 2 36, 4 1 0, S_000001854b3841c0;
 .timescale 0 0;
    .port_info 0 /INPUT 1 "clock";
    .port_info 1 /INPUT 16 "input1";
    .port_info 2 /INPUT 16 "input2";
    .port_info 3 /OUTPUT 16 "result";
v000001854b390fb0_0 .net "clock", 0 0, o000001854b3993c8;  alias, 0 drivers
v000001854b391050_0 .net "input1", 15 0, o000001854b399518;  alias, 0 drivers
v000001854b3910f0_0 .net "input2", 15 0, v000001854b3e9770_0;  alias, 1 drivers
v000001854b3863b0_0 .var "result", 15 0;
E_000001854b383c70/0 .event negedge, v000001854b382a60_0;
E_000001854b383c70/1 .event posedge, v000001854b382a60_0;
E_000001854b383c70 .event/or E_000001854b383c70/0, E_000001854b383c70/1;
S_000001854b386450 .scope module, "alu" "ALU" 2 58, 5 1 0, S_000001854b3841c0;
 .timescale 0 0;
    .port_info 0 /INPUT 1 "clock";
    .port_info 1 /INPUT 16 "input1";
    .port_info 2 /INPUT 16 "input2";
    .port_info 3 /INPUT 3 "ALUControl";
    .port_info 4 /OUTPUT 1 "Zero";
    .port_info 5 /OUTPUT 16 "result";
v000001854b3865e0_0 .net "ALUControl", 2 0, v000001854b390d80_0;  alias, 1 drivers
v000001854b386680_0 .var "Zero", 0 0;
v000001854b386720_0 .net "clock", 0 0, o000001854b3993c8;  alias, 0 drivers
v000001854b387270_0 .net "input1", 15 0, o000001854b399698;  alias, 0 drivers
v000001854b3e8cd0_0 .net "input2", 15 0, v000001854b3e8d70_0;  alias, 1 drivers
v000001854b3e8eb0_0 .var "result", 15 0;
E_000001854b383570 .event anyedge, v000001854b3e8eb0_0;
E_000001854b382fb0 .event posedge, v000001854b382a60_0;
S_000001854b387310 .scope module, "muxALU" "MUX" 2 43, 6 1 0, S_000001854b3841c0;
 .timescale 0 0;
    .port_info 0 /INPUT 1 "clock";
    .port_info 1 /INPUT 16 "data1";
    .port_info 2 /INPUT 16 "data2";
    .port_info 3 /INPUT 1 "ctrl";
    .port_info 4 /OUTPUT 16 "outputMux";
v000001854b3e9310_0 .net "clock", 0 0, o000001854b3993c8;  alias, 0 drivers
v000001854b3e8f50_0 .net "ctrl", 0 0, o000001854b399848;  alias, 0 drivers
v000001854b3e9630_0 .net "data1", 15 0, o000001854b399878;  alias, 0 drivers
v000001854b3e9b30_0 .net "data2", 15 0, o000001854b3998a8;  alias, 0 drivers
v000001854b3e8d70_0 .var "outputMux", 15 0;
S_000001854b3874a0 .scope module, "shift" "ShiftLeft" 2 30, 7 1 0, S_000001854b3841c0;
 .timescale 0 0;
    .port_info 0 /INPUT 1 "clock";
    .port_info 1 /INPUT 16 "signal";
    .port_info 2 /OUTPUT 16 "shiftedSignal";
v000001854b3e9810_0 .net "clock", 0 0, o000001854b3993c8;  alias, 0 drivers
v000001854b3e9770_0 .var "shiftedSignal", 15 0;
v000001854b3e98b0_0 .net "signal", 15 0, o000001854b3998a8;  alias, 0 drivers
    .scope S_000001854b3874a0;
T_0 ;
    %wait E_000001854b382fb0;
    %load/vec4 v000001854b3e98b0_0;
    %ix/load 4, 2, 0;
    %flag_set/imm 4, 0;
    %shiftl 4;
    %store/vec4 v000001854b3e9770_0, 0, 16;
    %jmp T_0;
    .thread T_0;
    .scope S_000001854b390e20;
T_1 ;
    %wait E_000001854b383c70;
    %load/vec4 v000001854b391050_0;
    %load/vec4 v000001854b3910f0_0;
    %add;
    %store/vec4 v000001854b3863b0_0, 0, 16;
    %jmp T_1;
    .thread T_1;
    .scope S_000001854b387310;
T_2 ;
    %wait E_000001854b383c70;
    %load/vec4 v000001854b3e8f50_0;
    %pad/u 32;
    %cmpi/e 0, 0, 32;
    %jmp/0xz  T_2.0, 4;
    %load/vec4 v000001854b3e9630_0;
    %store/vec4 v000001854b3e8d70_0, 0, 16;
T_2.0 ;
    %load/vec4 v000001854b3e8f50_0;
    %pad/u 32;
    %cmpi/e 1, 0, 32;
    %jmp/0xz  T_2.2, 4;
    %load/vec4 v000001854b3e9b30_0;
    %store/vec4 v000001854b3e8d70_0, 0, 16;
T_2.2 ;
    %jmp T_2;
    .thread T_2;
    .scope S_000001854b384350;
T_3 ;
    %wait E_000001854b383470;
    %load/vec4 v000001854b3844e0_0;
    %dup/vec4;
    %pushi/vec4 0, 0, 2;
    %cmp/u;
    %jmp/1 T_3.0, 6;
    %dup/vec4;
    %pushi/vec4 1, 0, 2;
    %cmp/u;
    %jmp/1 T_3.1, 6;
    %dup/vec4;
    %pushi/vec4 2, 0, 2;
    %cmp/u;
    %jmp/1 T_3.2, 6;
    %dup/vec4;
    %pushi/vec4 3, 0, 2;
    %cmp/u;
    %jmp/1 T_3.3, 6;
    %vpi_call 3 19 "$display", "ALUOp value not supported!" {0 0 0};
    %jmp T_3.5;
T_3.0 ;
    %pushi/vec4 2, 0, 3;
    %store/vec4 v000001854b390d80_0, 0, 3;
    %jmp T_3.5;
T_3.1 ;
    %pushi/vec4 6, 0, 3;
    %store/vec4 v000001854b390d80_0, 0, 3;
    %jmp T_3.5;
T_3.2 ;
    %load/vec4 v000001854b382b00_0;
    %store/vec4 v000001854b390d80_0, 0, 3;
    %jmp T_3.5;
T_3.3 ;
    %pushi/vec4 2, 0, 3;
    %store/vec4 v000001854b390d80_0, 0, 3;
    %jmp T_3.5;
T_3.5 ;
    %pop/vec4 1;
    %jmp T_3;
    .thread T_3, $push;
    .scope S_000001854b386450;
T_4 ;
    %wait E_000001854b382fb0;
    %load/vec4 v000001854b3865e0_0;
    %dup/vec4;
    %pushi/vec4 0, 0, 3;
    %cmp/u;
    %jmp/1 T_4.0, 6;
    %dup/vec4;
    %pushi/vec4 1, 0, 3;
    %cmp/u;
    %jmp/1 T_4.1, 6;
    %dup/vec4;
    %pushi/vec4 2, 0, 3;
    %cmp/u;
    %jmp/1 T_4.2, 6;
    %dup/vec4;
    %pushi/vec4 6, 0, 3;
    %cmp/u;
    %jmp/1 T_4.3, 6;
    %dup/vec4;
    %pushi/vec4 7, 0, 3;
    %cmp/u;
    %jmp/1 T_4.4, 6;
    %vpi_call 5 32 "$display", "Value not supported!" {0 0 0};
    %jmp T_4.6;
T_4.0 ;
    %load/vec4 v000001854b387270_0;
    %load/vec4 v000001854b3e8cd0_0;
    %and;
    %store/vec4 v000001854b3e8eb0_0, 0, 16;
    %jmp T_4.6;
T_4.1 ;
    %load/vec4 v000001854b387270_0;
    %load/vec4 v000001854b3e8cd0_0;
    %or;
    %store/vec4 v000001854b3e8eb0_0, 0, 16;
    %jmp T_4.6;
T_4.2 ;
    %load/vec4 v000001854b387270_0;
    %load/vec4 v000001854b3e8cd0_0;
    %add;
    %store/vec4 v000001854b3e8eb0_0, 0, 16;
    %jmp T_4.6;
T_4.3 ;
    %load/vec4 v000001854b387270_0;
    %load/vec4 v000001854b3e8cd0_0;
    %sub;
    %store/vec4 v000001854b3e8eb0_0, 0, 16;
    %jmp T_4.6;
T_4.4 ;
    %load/vec4 v000001854b387270_0;
    %load/vec4 v000001854b3e8cd0_0;
    %cmp/u;
    %jmp/0xz  T_4.7, 5;
    %pushi/vec4 1, 0, 16;
    %store/vec4 v000001854b3e8eb0_0, 0, 16;
    %jmp T_4.8;
T_4.7 ;
    %pushi/vec4 0, 0, 16;
    %store/vec4 v000001854b3e8eb0_0, 0, 16;
T_4.8 ;
    %jmp T_4.6;
T_4.6 ;
    %pop/vec4 1;
    %jmp T_4;
    .thread T_4;
    .scope S_000001854b386450;
T_5 ;
    %wait E_000001854b383570;
    %load/vec4 v000001854b3e8eb0_0;
    %pad/u 32;
    %cmpi/e 0, 0, 32;
    %jmp/0xz  T_5.0, 4;
    %pushi/vec4 1, 0, 1;
    %store/vec4 v000001854b386680_0, 0, 1;
    %jmp T_5.1;
T_5.0 ;
    %pushi/vec4 0, 0, 1;
    %store/vec4 v000001854b386680_0, 0, 1;
T_5.1 ;
    %jmp T_5;
    .thread T_5, $push;
# The file index is used to find the file name in the following table.
:file_names 8;
    "N/A";
    "<interactive>";
    "EX.v";
    "./ALUControl.v";
    "./adder.v";
    "./ALU.v";
    "./../Control/MUX.v";
    "./ShiftLeft.v";
