#! /c/Source/iverilog-install/bin/vvp
:ivl_version "12.0 (devel)" "(s20150603-1539-g2693dd32b)";
:ivl_delay_selection "TYPICAL";
:vpi_time_precision + 0;
:vpi_module "C:\iverilog\lib\ivl\system.vpi";
:vpi_module "C:\iverilog\lib\ivl\vhdl_sys.vpi";
:vpi_module "C:\iverilog\lib\ivl\vhdl_textio.vpi";
:vpi_module "C:\iverilog\lib\ivl\v2005_math.vpi";
:vpi_module "C:\iverilog\lib\ivl\va_math.vpi";
S_000001e8b78c6820 .scope module, "muxALUSrc" "muxALUSrc" 2 1;
 .timescale 0 0;
    .port_info 0 /INPUT 1 "clock";
    .port_info 1 /INPUT 16 "data1";
    .port_info 2 /INPUT 16 "data2";
    .port_info 3 /INPUT 1 "ALUSrc";
    .port_info 4 /OUTPUT 16 "outputMuxAlu";
o000001e8b7b36fd8 .functor BUFZ 1, C4<z>; HiZ drive
v000001e8b78c69b0_0 .net "ALUSrc", 0 0, o000001e8b7b36fd8;  0 drivers
o000001e8b7b37008 .functor BUFZ 1, C4<z>; HiZ drive
v000001e8b78c6a50_0 .net "clock", 0 0, o000001e8b7b37008;  0 drivers
o000001e8b7b37038 .functor BUFZ 16, C4<zzzzzzzzzzzzzzzz>; HiZ drive
v000001e8b78c6af0_0 .net "data1", 15 0, o000001e8b7b37038;  0 drivers
o000001e8b7b37068 .functor BUFZ 16, C4<zzzzzzzzzzzzzzzz>; HiZ drive
v000001e8b78cdf50_0 .net "data2", 15 0, o000001e8b7b37068;  0 drivers
v000001e8b78cdff0_0 .var "outputMuxAlu", 15 0;
E_000001e8b78c8c40/0 .event negedge, v000001e8b78c6a50_0;
E_000001e8b78c8c40/1 .event posedge, v000001e8b78c6a50_0;
E_000001e8b78c8c40 .event/or E_000001e8b78c8c40/0, E_000001e8b78c8c40/1;
    .scope S_000001e8b78c6820;
T_0 ;
    %wait E_000001e8b78c8c40;
    %load/vec4 v000001e8b78c69b0_0;
    %pad/u 32;
    %cmpi/e 0, 0, 32;
    %jmp/0xz  T_0.0, 4;
    %load/vec4 v000001e8b78c6af0_0;
    %store/vec4 v000001e8b78cdff0_0, 0, 16;
T_0.0 ;
    %load/vec4 v000001e8b78c69b0_0;
    %pad/u 32;
    %cmpi/e 1, 0, 32;
    %jmp/0xz  T_0.2, 4;
    %load/vec4 v000001e8b78cdf50_0;
    %store/vec4 v000001e8b78cdff0_0, 0, 16;
T_0.2 ;
    %jmp T_0;
    .thread T_0;
# The file index is used to find the file name in the following table.
:file_names 3;
    "N/A";
    "<interactive>";
    "muxALUSrc.v";
