#! /c/Source/iverilog-install/bin/vvp
:ivl_version "12.0 (devel)" "(s20150603-1539-g2693dd32b)";
:ivl_delay_selection "TYPICAL";
:vpi_time_precision + 0;
:vpi_module "C:\iverilog\lib\ivl\system.vpi";
:vpi_module "C:\iverilog\lib\ivl\vhdl_sys.vpi";
:vpi_module "C:\iverilog\lib\ivl\vhdl_textio.vpi";
:vpi_module "C:\iverilog\lib\ivl\v2005_math.vpi";
:vpi_module "C:\iverilog\lib\ivl\va_math.vpi";
S_0000022d08c5ed10 .scope module, "muxForwardA" "muxForwardA" 2 1;
 .timescale 0 0;
    .port_info 0 /INPUT 1 "clock";
    .port_info 1 /INPUT 16 "resultALU";
    .port_info 2 /INPUT 16 "resultMuxWB";
    .port_info 3 /INPUT 16 "dataR1";
    .port_info 4 /INPUT 2 "forwardA";
    .port_info 5 /OUTPUT 16 "response";
o0000022d08ad6f98 .functor BUFZ 1, C4<z>; HiZ drive
v0000022d08c5ef10_0 .net "clock", 0 0, o0000022d08ad6f98;  0 drivers
o0000022d08ad6fc8 .functor BUFZ 16, C4<zzzzzzzzzzzzzzzz>; HiZ drive
v0000022d08c56b10_0 .net "dataR1", 15 0, o0000022d08ad6fc8;  0 drivers
o0000022d08ad6ff8 .functor BUFZ 2, C4<zz>; HiZ drive
v0000022d08c5af50_0 .net "forwardA", 1 0, o0000022d08ad6ff8;  0 drivers
v0000022d08c5aff0_0 .var "response", 15 0;
o0000022d08ad7058 .functor BUFZ 16, C4<zzzzzzzzzzzzzzzz>; HiZ drive
v0000022d08c5b090_0 .net "resultALU", 15 0, o0000022d08ad7058;  0 drivers
o0000022d08ad7088 .functor BUFZ 16, C4<zzzzzzzzzzzzzzzz>; HiZ drive
v0000022d08c5b130_0 .net "resultMuxWB", 15 0, o0000022d08ad7088;  0 drivers
E_0000022d08c5c6e0 .event posedge, v0000022d08c5ef10_0;
    .scope S_0000022d08c5ed10;
T_0 ;
    %wait E_0000022d08c5c6e0;
    %load/vec4 v0000022d08c5af50_0;
    %cmpi/e 0, 0, 2;
    %jmp/0xz  T_0.0, 4;
    %load/vec4 v0000022d08c56b10_0;
    %store/vec4 v0000022d08c5aff0_0, 0, 16;
    %jmp T_0.1;
T_0.0 ;
    %load/vec4 v0000022d08c5af50_0;
    %cmpi/e 2, 0, 2;
    %jmp/0xz  T_0.2, 4;
    %load/vec4 v0000022d08c5b090_0;
    %store/vec4 v0000022d08c5aff0_0, 0, 16;
    %jmp T_0.3;
T_0.2 ;
    %load/vec4 v0000022d08c5af50_0;
    %cmpi/e 1, 0, 2;
    %jmp/0xz  T_0.4, 4;
    %load/vec4 v0000022d08c5b130_0;
    %store/vec4 v0000022d08c5aff0_0, 0, 16;
T_0.4 ;
T_0.3 ;
T_0.1 ;
    %jmp T_0;
    .thread T_0;
# The file index is used to find the file name in the following table.
:file_names 3;
    "N/A";
    "<interactive>";
    "muxForwardA.v";
