#! /c/Source/iverilog-install/bin/vvp
:ivl_version "12.0 (devel)" "(s20150603-1539-g2693dd32b)";
:ivl_delay_selection "TYPICAL";
:vpi_time_precision + 0;
:vpi_module "C:\iverilog\lib\ivl\system.vpi";
:vpi_module "C:\iverilog\lib\ivl\vhdl_sys.vpi";
:vpi_module "C:\iverilog\lib\ivl\vhdl_textio.vpi";
:vpi_module "C:\iverilog\lib\ivl\v2005_math.vpi";
:vpi_module "C:\iverilog\lib\ivl\va_math.vpi";
S_000001e4c98eed10 .scope module, "muxForwardB" "muxForwardB" 2 1;
 .timescale 0 0;
    .port_info 0 /INPUT 1 "clock";
    .port_info 1 /INPUT 16 "resultALU";
    .port_info 2 /INPUT 16 "resultMuxWB";
    .port_info 3 /INPUT 16 "dataR2";
    .port_info 4 /INPUT 2 "forwardB";
    .port_info 5 /OUTPUT 16 "response";
o000001e4c97b6f98 .functor BUFZ 1, C4<z>; HiZ drive
v000001e4c98eef10_0 .net "clock", 0 0, o000001e4c97b6f98;  0 drivers
o000001e4c97b6fc8 .functor BUFZ 16, C4<zzzzzzzzzzzzzzzz>; HiZ drive
v000001e4c98e6b10_0 .net "dataR2", 15 0, o000001e4c97b6fc8;  0 drivers
o000001e4c97b6ff8 .functor BUFZ 2, C4<zz>; HiZ drive
v000001e4c98eaf50_0 .net "forwardB", 1 0, o000001e4c97b6ff8;  0 drivers
v000001e4c98eaff0_0 .var "response", 15 0;
o000001e4c97b7058 .functor BUFZ 16, C4<zzzzzzzzzzzzzzzz>; HiZ drive
v000001e4c98eb090_0 .net "resultALU", 15 0, o000001e4c97b7058;  0 drivers
o000001e4c97b7088 .functor BUFZ 16, C4<zzzzzzzzzzzzzzzz>; HiZ drive
v000001e4c98eb130_0 .net "resultMuxWB", 15 0, o000001e4c97b7088;  0 drivers
E_000001e4c98ec9e0 .event posedge, v000001e4c98eef10_0;
    .scope S_000001e4c98eed10;
T_0 ;
    %wait E_000001e4c98ec9e0;
    %load/vec4 v000001e4c98eaf50_0;
    %cmpi/e 0, 0, 2;
    %jmp/0xz  T_0.0, 4;
    %load/vec4 v000001e4c98e6b10_0;
    %store/vec4 v000001e4c98eaff0_0, 0, 16;
    %jmp T_0.1;
T_0.0 ;
    %load/vec4 v000001e4c98eaf50_0;
    %cmpi/e 2, 0, 2;
    %jmp/0xz  T_0.2, 4;
    %load/vec4 v000001e4c98eb090_0;
    %store/vec4 v000001e4c98eaff0_0, 0, 16;
    %jmp T_0.3;
T_0.2 ;
    %load/vec4 v000001e4c98eaf50_0;
    %cmpi/e 1, 0, 2;
    %jmp/0xz  T_0.4, 4;
    %load/vec4 v000001e4c98eb130_0;
    %store/vec4 v000001e4c98eaff0_0, 0, 16;
T_0.4 ;
T_0.3 ;
T_0.1 ;
    %jmp T_0;
    .thread T_0;
# The file index is used to find the file name in the following table.
:file_names 3;
    "N/A";
    "<interactive>";
    "muxForwardB.v";
