#! /c/Source/iverilog-install/bin/vvp
:ivl_version "12.0 (devel)" "(s20150603-1539-g2693dd32b)";
:ivl_delay_selection "TYPICAL";
:vpi_time_precision + 0;
:vpi_module "C:\iverilog\lib\ivl\system.vpi";
:vpi_module "C:\iverilog\lib\ivl\vhdl_sys.vpi";
:vpi_module "C:\iverilog\lib\ivl\vhdl_textio.vpi";
:vpi_module "C:\iverilog\lib\ivl\v2005_math.vpi";
:vpi_module "C:\iverilog\lib\ivl\va_math.vpi";
S_00000168cd236820 .scope module, "muxRegDest" "muxRegDest" 2 1;
 .timescale 0 0;
    .port_info 0 /INPUT 1 "clock";
    .port_info 1 /INPUT 3 "r1";
    .port_info 2 /INPUT 3 "r2";
    .port_info 3 /INPUT 1 "regDest";
    .port_info 4 /OUTPUT 3 "outputMuxReg";
o00000168cd086fd8 .functor BUFZ 1, C4<z>; HiZ drive
v00000168cd2369b0_0 .net "clock", 0 0, o00000168cd086fd8;  0 drivers
v00000168cd236a50_0 .var "outputMuxReg", 2 0;
o00000168cd087038 .functor BUFZ 3, C4<zzz>; HiZ drive
v00000168cd236af0_0 .net "r1", 2 0, o00000168cd087038;  0 drivers
o00000168cd087068 .functor BUFZ 3, C4<zzz>; HiZ drive
v00000168cd23df50_0 .net "r2", 2 0, o00000168cd087068;  0 drivers
o00000168cd087098 .functor BUFZ 1, C4<z>; HiZ drive
v00000168cd23dff0_0 .net "regDest", 0 0, o00000168cd087098;  0 drivers
E_00000168cd238b00/0 .event negedge, v00000168cd2369b0_0;
E_00000168cd238b00/1 .event posedge, v00000168cd2369b0_0;
E_00000168cd238b00 .event/or E_00000168cd238b00/0, E_00000168cd238b00/1;
    .scope S_00000168cd236820;
T_0 ;
    %wait E_00000168cd238b00;
    %load/vec4 v00000168cd23dff0_0;
    %pad/u 32;
    %cmpi/e 0, 0, 32;
    %jmp/0xz  T_0.0, 4;
    %load/vec4 v00000168cd236af0_0;
    %store/vec4 v00000168cd236a50_0, 0, 3;
T_0.0 ;
    %load/vec4 v00000168cd23dff0_0;
    %pad/u 32;
    %cmpi/e 1, 0, 32;
    %jmp/0xz  T_0.2, 4;
    %load/vec4 v00000168cd23df50_0;
    %store/vec4 v00000168cd236a50_0, 0, 3;
T_0.2 ;
    %jmp T_0;
    .thread T_0;
# The file index is used to find the file name in the following table.
:file_names 3;
    "N/A";
    "<interactive>";
    "muxRegDest.v";
